::1 - - [30/Aug/2012:14:24:43 +0200] "POST /wp-cron.php?doing_wp_cron=1346329483 HTTP/1.0" 200 -
::1 - - [30/Aug/2012:14:24:42 +0200] "GET / HTTP/1.1" 200 2554
::1 - - [30/Aug/2012:14:24:43 +0200] "GET /wp-content/themes/antoniotheme/style.css HTTP/1.1" 304 -
::1 - - [30/Aug/2012:14:24:43 +0200] "GET /wp-includes/js/jquery/jquery.js?ver=1.7.1 HTTP/1.1" 304 -
::1 - - [30/Aug/2012:14:24:43 +0200] "GET /wp-content/uploads/headway/cache/general-feaf50e.css?ver=3.3.2 HTTP/1.1" 200 23104
::1 - - [30/Aug/2012:14:24:43 +0200] "GET /wp-content/themes/headway/library/media/js/jquery.hoverintent.js?ver=3.3.2 HTTP/1.1" 304 -
::1 - - [30/Aug/2012:14:24:43 +0200] "GET /wp-content/uploads/headway/cache/block-dynamic-js-layout-index-6e6977f.js?ver=3.3.2 HTTP/1.1" 304 -
::1 - - [30/Aug/2012:14:24:43 +0200] "GET /wp-content/themes/headway/library/blocks/core/navigation/js/jquery.superfish.js?ver=3.3.2 HTTP/1.1" 304 -
::1 - - [30/Aug/2012:14:24:43 +0200] "GET /favicon.ico HTTP/1.1" 200 -
::1 - - [30/Aug/2012:14:25:07 +0200] "POST /wp-cron.php?doing_wp_cron=1346329507 HTTP/1.0" 200 -
::1 - - [30/Aug/2012:14:25:06 +0200] "GET /hifi HTTP/1.1" 404 2555
::1 - - [30/Aug/2012:14:25:07 +0200] "GET /favicon.ico HTTP/1.1" 200 -
::1 - - [30/Aug/2012:14:25:27 +0200] "GET / HTTP/1.1" 200 2554
::1 - - [30/Aug/2012:14:25:27 +0200] "GET /favicon.ico HTTP/1.1" 200 -
::1 - - [30/Aug/2012:14:26:03 +0200] "POST /wp-cron.php?doing_wp_cron=1346329563 HTTP/1.0" 200 -
::1 - - [30/Aug/2012:14:26:03 +0200] "GET /admn HTTP/1.1" 404 2555
::1 - - [30/Aug/2012:14:26:04 +0200] "GET /favicon.ico HTTP/1.1" 200 -
::1 - - [30/Aug/2012:14:26:07 +0200] "GET /admin HTTP/1.1" 404 2555
::1 - - [30/Aug/2012:14:26:08 +0200] "GET /favicon.ico HTTP/1.1" 200 -
::1 - - [30/Aug/2012:14:26:14 +0200] "GET /hifi/admin HTTP/1.1" 404 2555
::1 - - [30/Aug/2012:14:26:14 +0200] "GET /favicon.ico HTTP/1.1" 200 -
::1 - - [30/Aug/2012:14:28:29 +0200] "POST /wp-cron.php?doing_wp_cron=1346329709 HTTP/1.0" 200 -
::1 - - [30/Aug/2012:14:28:29 +0200] "GET /hifi/wp-admin HTTP/1.1" 404 2555
::1 - - [30/Aug/2012:14:28:30 +0200] "GET /favicon.ico HTTP/1.1" 200 -
::1 - - [30/Aug/2012:14:28:38 +0200] "GET /wp-admin HTTP/1.1" 301 239
::1 - - [30/Aug/2012:14:28:38 +0200] "GET /wp-admin/ HTTP/1.1" 302 -
::1 - - [30/Aug/2012:14:28:38 +0200] "GET /wp-login.php?redirect_to=http%3A%2F%2Flocalhost%3A8080%2Fwp-admin%2F&reauth=1 HTTP/1.1" 200 2138
::1 - - [30/Aug/2012:14:28:38 +0200] "GET /wp-admin/css/wp-admin.css?ver=20111208 HTTP/1.1" 304 -
::1 - - [30/Aug/2012:14:28:38 +0200] "GET /wp-admin/css/colors-fresh.css?ver=20111206 HTTP/1.1" 304 -
::1 - - [30/Aug/2012:14:28:38 +0200] "GET /wp-admin/images/button-grad.png HTTP/1.1" 304 -
::1 - - [30/Aug/2012:14:28:38 +0200] "GET /wp-admin/images/logo-login.png HTTP/1.1" 304 -
::1 - - [30/Aug/2012:14:28:38 +0200] "GET /wp-admin/images/white-grad.png HTTP/1.1" 304 -
::1 - - [30/Aug/2012:14:28:38 +0200] "GET /favicon.ico HTTP/1.1" 200 -
::1 - - [30/Aug/2012:14:28:44 +0200] "GET /wp-admin/images/button-grad-active.png HTTP/1.1" 200 284
::1 - - [30/Aug/2012:14:28:44 +0200] "POST /wp-login.php HTTP/1.1" 200 3084
::1 - - [30/Aug/2012:14:28:45 +0200] "GET /favicon.ico HTTP/1.1" 200 -
::1 - - [30/Aug/2012:14:28:45 +0200] "GET /favicon.ico HTTP/1.1" 200 -
::1 - - [30/Aug/2012:14:28:51 +0200] "GET /wp-admin/images/button-grad-active.png HTTP/1.1" 200 284
::1 - - [30/Aug/2012:14:28:51 +0200] "POST /wp-login.php HTTP/1.1" 200 3088
::1 - - [30/Aug/2012:14:28:52 +0200] "GET /favicon.ico HTTP/1.1" 200 -
::1 - - [30/Aug/2012:14:28:52 +0200] "GET /favicon.ico HTTP/1.1" 200 -
::1 - - [30/Aug/2012:14:28:59 +0200] "GET /wp-admin/images/button-grad-active.png HTTP/1.1" 200 284
::1 - - [30/Aug/2012:14:28:59 +0200] "POST /wp-cron.php?doing_wp_cron=1346329739 HTTP/1.0" 200 -
::1 - - [30/Aug/2012:14:28:59 +0200] "POST /wp-login.php HTTP/1.1" 200 3084
::1 - - [30/Aug/2012:14:28:59 +0200] "GET /favicon.ico HTTP/1.1" 200 -
::1 - - [30/Aug/2012:14:28:59 +0200] "GET /favicon.ico HTTP/1.1" 200 -
::1 - - [30/Aug/2012:14:29:04 +0200] "GET /favicon.ico HTTP/1.1" 200 -
::1 - - [30/Aug/2012:14:29:04 +0200] "GET /favicon.ico HTTP/1.1" 200 -
::1 - - [30/Aug/2012:14:29:05 +0200] "GET /favicon.ico HTTP/1.1" 200 -
::1 - - [30/Aug/2012:14:29:05 +0200] "GET /favicon.ico HTTP/1.1" 200 -
::1 - - [30/Aug/2012:14:29:08 +0200] "GET /wp-admin/ HTTP/1.1" 302 -
::1 - - [30/Aug/2012:14:29:08 +0200] "GET /wp-login.php?redirect_to=http%3A%2F%2Flocalhost%3A8080%2Fwp-admin%2F&reauth=1 HTTP/1.1" 200 2138
::1 - - [30/Aug/2012:14:29:09 +0200] "GET /favicon.ico HTTP/1.1" 200 -
::1 - - [30/Aug/2012:14:29:09 +0200] "GET /favicon.ico HTTP/1.1" 200 -
::1 - - [30/Aug/2012:14:29:59 +0200] "GET /wp-admin/images/button-grad-active.png HTTP/1.1" 200 284
::1 - - [30/Aug/2012:14:30:00 +0200] "POST /wp-cron.php?doing_wp_cron=1346329800 HTTP/1.0" 200 -
::1 - - [30/Aug/2012:14:30:00 +0200] "POST /wp-login.php HTTP/1.1" 200 3084
::1 - - [30/Aug/2012:14:30:00 +0200] "GET /favicon.ico HTTP/1.1" 200 -
::1 - - [30/Aug/2012:14:30:00 +0200] "GET /favicon.ico HTTP/1.1" 200 -
::1 - - [30/Aug/2012:14:30:05 +0200] "POST /wp-login.php HTTP/1.1" 200 3088
::1 - - [30/Aug/2012:14:30:05 +0200] "GET /favicon.ico HTTP/1.1" 200 -
::1 - - [30/Aug/2012:14:30:05 +0200] "GET /favicon.ico HTTP/1.1" 200 -
::1 - - [30/Aug/2012:14:30:10 +0200] "POST /wp-login.php HTTP/1.1" 200 3088
::1 - - [30/Aug/2012:14:30:10 +0200] "GET /favicon.ico HTTP/1.1" 200 -
::1 - - [30/Aug/2012:14:30:10 +0200] "GET /favicon.ico HTTP/1.1" 200 -
::1 - - [30/Aug/2012:14:33:40 +0200] "POST /wp-cron.php?doing_wp_cron=1346330020 HTTP/1.0" 200 -
::1 - - [30/Aug/2012:14:33:40 +0200] "POST /wp-login.php HTTP/1.1" 200 3088
::1 - - [30/Aug/2012:14:33:41 +0200] "GET /favicon.ico HTTP/1.1" 200 -
::1 - - [30/Aug/2012:14:33:41 +0200] "GET /favicon.ico HTTP/1.1" 200 -
::1 - - [30/Aug/2012:14:33:46 +0200] "POST /wp-login.php HTTP/1.1" 200 3040
::1 - - [30/Aug/2012:14:33:46 +0200] "GET /favicon.ico HTTP/1.1" 200 -
::1 - - [30/Aug/2012:14:33:46 +0200] "GET /favicon.ico HTTP/1.1" 200 -
::1 - - [30/Aug/2012:14:33:52 +0200] "POST /wp-login.php HTTP/1.1" 200 3040
::1 - - [30/Aug/2012:14:33:52 +0200] "GET /wp-admin/css/wp-admin.css?ver=20111208 HTTP/1.1" 304 -
::1 - - [30/Aug/2012:14:33:52 +0200] "GET /wp-admin/css/colors-fresh.css?ver=20111206 HTTP/1.1" 304 -
::1 - - [30/Aug/2012:14:33:52 +0200] "GET /favicon.ico HTTP/1.1" 200 -
::1 - - [30/Aug/2012:14:33:52 +0200] "GET /favicon.ico HTTP/1.1" 200 -
::1 - - [30/Aug/2012:14:33:57 +0200] "POST /wp-cron.php?doing_wp_cron=1346330037 HTTP/1.0" 200 -
::1 - - [30/Aug/2012:14:33:56 +0200] "POST /wp-login.php HTTP/1.1" 200 3040
::1 - - [30/Aug/2012:14:33:57 +0200] "GET /favicon.ico HTTP/1.1" 200 -
::1 - - [30/Aug/2012:14:33:57 +0200] "GET /favicon.ico HTTP/1.1" 200 -
::1 - - [30/Aug/2012:14:49:14 +0200] "POST /wp-cron.php?doing_wp_cron=1346330954 HTTP/1.0" 200 -
::1 - - [30/Aug/2012:14:49:14 +0200] "GET /wp-admin/ HTTP/1.1" 302 -
::1 - - [30/Aug/2012:14:49:15 +0200] "GET /wp-login.php?redirect_to=http%3A%2F%2Flocalhost%3A8080%2Fwp-admin%2F&reauth=1 HTTP/1.1" 200 2138
::1 - - [30/Aug/2012:14:49:15 +0200] "GET /wp-admin/css/wp-admin.css?ver=20111208 HTTP/1.1" 304 -
::1 - - [30/Aug/2012:14:49:15 +0200] "GET /wp-admin/css/colors-fresh.css?ver=20111206 HTTP/1.1" 304 -
::1 - - [30/Aug/2012:14:49:15 +0200] "GET /wp-admin/images/logo-login.png HTTP/1.1" 304 -
::1 - - [30/Aug/2012:14:49:15 +0200] "GET /wp-admin/images/white-grad.png HTTP/1.1" 304 -
::1 - - [30/Aug/2012:14:49:15 +0200] "GET /wp-admin/images/button-grad.png HTTP/1.1" 304 -
::1 - - [30/Aug/2012:14:49:15 +0200] "GET /favicon.ico HTTP/1.1" 200 -
::1 - - [30/Aug/2012:14:49:18 +0200] "GET /wp-admin/images/button-grad-active.png HTTP/1.1" 304 -
::1 - - [30/Aug/2012:14:49:18 +0200] "POST /wp-login.php HTTP/1.1" 302 -
::1 - - [30/Aug/2012:14:49:19 +0200] "GET /wp-content/themes/headway/library/admin/css/admin-headway-global.css?ver=3.3.2 HTTP/1.1" 304 -
::1 - - [30/Aug/2012:14:49:19 +0200] "GET /wp-includes/js/thickbox/thickbox.css?ver=20111117 HTTP/1.1" 304 -
::1 - - [30/Aug/2012:14:49:19 +0200] "GET /wp-admin/ HTTP/1.1" 200 57329
::1 - - [30/Aug/2012:14:49:19 +0200] "GET /wp-admin/images/menu-shadow.png HTTP/1.1" 304 -
::1 - - [30/Aug/2012:14:49:19 +0200] "GET /wp-admin/images/menu.png?ver=20111128 HTTP/1.1" 304 -
::1 - - [30/Aug/2012:14:49:19 +0200] "GET /wp-content/themes/headway/library/admin/images/headway-16.png HTTP/1.1" 304 -
::1 - - [30/Aug/2012:14:49:19 +0200] "GET /wp-admin/images/menu.png HTTP/1.1" 304 -
::1 - - [30/Aug/2012:14:49:19 +0200] "GET /wp-admin/images/generic.png HTTP/1.1" 304 -
::1 - - [30/Aug/2012:14:49:19 +0200] "GET /wp-content/plugins/duplicator/img/create.png HTTP/1.1" 304 -
::1 - - [30/Aug/2012:14:49:19 +0200] "GET /wp-content/plugins/backwpup/css/BackWPup16.png HTTP/1.1" 304 -
::1 - - [30/Aug/2012:14:49:19 +0200] "GET /wp-admin/images/arrows.png HTTP/1.1" 304 -
::1 - - [30/Aug/2012:14:49:19 +0200] "GET /wp-admin/images/icons32.png?ver=20111206 HTTP/1.1" 304 -
::1 - - [30/Aug/2012:14:49:19 +0200] "GET /wp-admin/images/media-button.png?ver=20111005 HTTP/1.1" 304 -
::1 - - [30/Aug/2012:14:49:19 +0200] "GET /wp-admin/images/wpspin_light.gif HTTP/1.1" 304 -
::1 - - [30/Aug/2012:14:49:19 +0200] "GET /wp-includes/images/admin-bar-sprite.png?d=20111130 HTTP/1.1" 304 -
::1 - - [30/Aug/2012:14:49:19 +0200] "GET /wp-includes/js/thickbox/loadingAnimation.gif HTTP/1.1" 304 -
::1 - - [30/Aug/2012:14:49:19 +0200] "GET /wp-includes/images/xit.gif HTTP/1.1" 304 -
::1 - - [30/Aug/2012:14:49:19 +0200] "GET /wp-includes/images/icon-pointer-flag.png HTTP/1.1" 304 -
::1 - - [30/Aug/2012:14:49:19 +0200] "GET /wp-includes/images/arrow-pointer-blue.png HTTP/1.1" 304 -
::1 - - [30/Aug/2012:14:49:19 +0200] "GET /favicon.ico HTTP/1.1" 200 -
::1 - - [30/Aug/2012:14:49:36 +0200] "POST /wp-admin/admin-ajax.php HTTP/1.1" 200 1
::1 - - [30/Aug/2012:14:49:48 +0200] "GET /wp-admin/users.php HTTP/1.1" 200 40728
::1 - - [30/Aug/2012:14:49:48 +0200] "GET /wp-admin/images/sort.gif HTTP/1.1" 304 -
::1 - - [30/Aug/2012:14:49:48 +0200] "GET /wp-admin/load-scripts.php?c=1&load=admin-bar,hoverIntent,common,jquery-color&ver=15691a0adb191883250e09683dab70bd HTTP/1.1" 200 5429
::1 - - [30/Aug/2012:14:49:48 +0200] "GET /favicon.ico HTTP/1.1" 200 -
::1 - - [30/Aug/2012:14:49:50 +0200] "GET /wp-admin/user-edit.php?user_id=2&wp_http_referer=%2Fwp-admin%2Fusers.php HTTP/1.1" 200 37433
::1 - - [30/Aug/2012:14:49:51 +0200] "GET /favicon.ico HTTP/1.1" 200 -
::1 - - [30/Aug/2012:14:49:58 +0200] "GET /favicon.ico HTTP/1.1" 200 -
::1 - - [30/Aug/2012:14:50:03 +0200] "POST /wp-cron.php?doing_wp_cron=1346331003 HTTP/1.0" 200 -
::1 - - [30/Aug/2012:14:50:02 +0200] "GET /wp-admin/user-edit.php?user_id=2&wp_http_referer=%2Fwp-admin%2Fusers.php HTTP/1.1" 200 37433
::1 - - [30/Aug/2012:14:50:03 +0200] "GET /favicon.ico HTTP/1.1" 200 -
::1 - - [30/Aug/2012:14:50:32 +0200] "GET /favicon.ico HTTP/1.1" 200 -
::1 - - [30/Aug/2012:14:51:08 +0200] "POST /wp-cron.php?doing_wp_cron=1346331068 HTTP/1.0" 200 -
::1 - - [30/Aug/2012:14:51:08 +0200] "POST /wp-admin/user-edit.php HTTP/1.1" 302 -
::1 - - [30/Aug/2012:14:51:08 +0200] "GET /wp-admin/user-edit.php?user_id=2&updated=true&wp_http_referer=%2Fwp-admin%2Fusers.php HTTP/1.1" 200 37653
::1 - - [30/Aug/2012:14:51:09 +0200] "GET /favicon.ico HTTP/1.1" 200 -
::1 - - [30/Aug/2012:14:52:37 +0200] "POST /wp-cron.php?doing_wp_cron=1346331157 HTTP/1.0" 200 -
::1 - - [30/Aug/2012:14:52:36 +0200] "GET /wp-admin/edit.php?post_type=progetto HTTP/1.1" 200 8712
::1 - - [30/Aug/2012:14:52:37 +0200] "GET /wp-admin/images/bubble_bg.gif HTTP/1.1" 304 -
::1 - - [30/Aug/2012:14:52:37 +0200] "GET /wp-includes/images/blank.gif HTTP/1.1" 304 -
::1 - - [30/Aug/2012:14:52:37 +0200] "GET /wp-admin/images/comment-grey-bubble.png HTTP/1.1" 304 -
::1 - - [30/Aug/2012:14:52:37 +0200] "GET /wp-admin/images/list.png HTTP/1.1" 304 -
::1 - - [30/Aug/2012:14:52:37 +0200] "GET /favicon.ico HTTP/1.1" 200 -
::1 - - [30/Aug/2012:14:52:39 +0200] "GET /wp-content/themes/headway/library/admin/css/admin-write.css?ver=3.3.2 HTTP/1.1" 304 -
::1 - - [30/Aug/2012:14:52:39 +0200] "GET /wp-content/themes/headway/library/media/css/alerts.css?ver=3.3.2 HTTP/1.1" 304 -
::1 - - [30/Aug/2012:14:52:39 +0200] "GET /wp-content/plugins/advanced-custom-fields/css/global.css?ver=3.3.9 HTTP/1.1" 304 -
::1 - - [30/Aug/2012:14:52:39 +0200] "GET /wp-content/plugins/advanced-custom-fields/css/input.css?ver=3.3.9 HTTP/1.1" 304 -
::1 - - [30/Aug/2012:14:52:39 +0200] "GET /wp-content/plugins/advanced-custom-fields/js/input-actions.js?ver=3.3.9 HTTP/1.1" 304 -
::1 - - [30/Aug/2012:14:52:39 +0200] "GET /wp-content/themes/headway/library/admin/js/admin-write.js?ver=3.3.2 HTTP/1.1" 304 -
::1 - - [30/Aug/2012:14:52:39 +0200] "GET /wp-content/plugins/advanced-custom-fields/js/input-ajax.js?ver=3.3.9 HTTP/1.1" 304 -
::1 - - [30/Aug/2012:14:52:39 +0200] "GET /wp-content/plugins/advanced-custom-fields/core/fields/date_picker/style.date_picker.css HTTP/1.1" 304 -
::1 - - [30/Aug/2012:14:52:39 +0200] "GET /wp-content/plugins/advanced-custom-fields/core/fields/date_picker/jquery.ui.datepicker.js HTTP/1.1" 304 -
::1 - - [30/Aug/2012:14:52:39 +0200] "GET /wp-admin/post.php?post=79&action=edit HTTP/1.1" 200 83762
::1 - - [30/Aug/2012:14:52:39 +0200] "GET /wp-includes/css/editor-buttons.css?ver=20111114 HTTP/1.1" 304 -
::1 - - [30/Aug/2012:14:52:39 +0200] "GET /wp-includes/js/tinymce/langs/wp-langs-en.js?ver=345-20111127 HTTP/1.1" 304 -
::1 - - [30/Aug/2012:14:52:39 +0200] "GET /wp-admin/images/date-button.gif HTTP/1.1" 304 -
::1 - - [30/Aug/2012:14:52:39 +0200] "GET /wp-admin/load-scripts.php?c=1&load=admin-bar,hoverIntent,common,jquery-color,schedule,wp-ajax-response,autosave,wp-lists,quicktags,jquery-query,admin-comments,suggest,jquery-ui-core,jquery-ui-widget,jquery-ui-mouse,jquery-ui-sortable,postbox,post,thickbox,media-upload,jquery-ui-position,wp-pointer,jquery-ui-tabs,word-count,jquery-ui-resizable,jquery-ui-draggable,jquery-ui-button,jquery-ui-dialog,wpdialogs,wplink,wpdialogs-popup&ver=3f622d25e348bd5fb28282450a2dc0b3 HTTP/1.1" 200 70246
::1 - - [30/Aug/2012:14:52:39 +0200] "GET /wp-includes/js/tinymce/plugins/inlinepopups/skins/clearlooks2/window.css?ver=345-20111127 HTTP/1.1" 304 -
::1 - - [30/Aug/2012:14:52:39 +0200] "GET /wp-includes/js/tinymce/plugins/wordpress/css/content.css?ver=345-20111127 HTTP/1.1" 304 -
::1 - - [30/Aug/2012:14:52:39 +0200] "GET /wp-includes/js/tinymce/themes/advanced/skins/wp_theme/content.css?ver=345-20111127 HTTP/1.1" 304 -
::1 - - [30/Aug/2012:14:52:39 +0200] "GET /wp-includes/js/tinymce/plugins/spellchecker/css/content.css?ver=345-20111127 HTTP/1.1" 304 -
::1 - - [30/Aug/2012:14:52:39 +0200] "GET /wp-content/uploads/headway/cache/editor-style-57d268b.css?ver=345-20111127 HTTP/1.1" 304 -
::1 - - [30/Aug/2012:14:52:39 +0200] "GET /wp-includes/js/tinymce/plugins/wpeditimage/img/image.png HTTP/1.1" 304 -
::1 - - [30/Aug/2012:14:52:39 +0200] "GET /wp-includes/js/tinymce/plugins/wpgallery/img/edit.png HTTP/1.1" 304 -
::1 - - [30/Aug/2012:14:52:39 +0200] "GET /wp-includes/js/tinymce/plugins/wpgallery/img/delete.png HTTP/1.1" 304 -
::1 - - [30/Aug/2012:14:52:39 +0200] "GET /wp-includes/js/tinymce/plugins/wpeditimage/img/delete.png HTTP/1.1" 304 -
::1 - - [30/Aug/2012:14:52:39 +0200] "GET /wp-includes/images/wpicons.png HTTP/1.1" 304 -
::1 - - [30/Aug/2012:14:52:40 +0200] "GET /favicon.ico HTTP/1.1" 200 -
::1 - - [30/Aug/2012:14:52:40 +0200] "GET /wp-includes/images/down_arrow.gif HTTP/1.1" 304 -
::1 - - [30/Aug/2012:14:52:40 +0200] "GET /wp-admin/images/resize.gif HTTP/1.1" 304 -
::1 - - [30/Aug/2012:14:52:40 +0200] "GET /favicon.ico HTTP/1.1" 200 -
::1 - - [30/Aug/2012:14:52:40 +0200] "GET /favicon.ico HTTP/1.1" 200 -
::1 - - [30/Aug/2012:14:52:40 +0200] "GET /favicon.ico HTTP/1.1" 200 -
::1 - - [30/Aug/2012:14:52:40 +0200] "GET /favicon.ico HTTP/1.1" 200 -
::1 - - [30/Aug/2012:14:52:59 +0200] "GET /wp-includes/js/tinymce/themes/advanced/img/icons.gif HTTP/1.1" 200 11790
::1 - - [30/Aug/2012:14:53:03 +0200] "GET /wp-includes/js/tinymce/themes/advanced/skins/default/img/menu_arrow.gif HTTP/1.1" 200 68
::1 - - [30/Aug/2012:14:53:03 +0200] "GET /wp-includes/js/tinymce/themes/advanced/skins/default/img/menu_check.gif HTTP/1.1" 200 70
::1 - - [30/Aug/2012:14:53:17 +0200] "GET /wp-includes/js/tinymce/plugins/wordpress/img/trans.gif HTTP/1.1" 200 43
::1 - - [30/Aug/2012:14:53:17 +0200] "GET /wp-includes/js/tinymce/plugins/wordpress/img/more_bug.gif HTTP/1.1" 200 146
::1 - - [30/Aug/2012:14:53:39 +0200] "POST /wp-cron.php?doing_wp_cron=1346331219 HTTP/1.0" 200 -
::1 - - [30/Aug/2012:14:53:39 +0200] "POST /wp-admin/admin-ajax.php HTTP/1.1" 200 301
::1 - - [30/Aug/2012:14:54:40 +0200] "POST /wp-cron.php?doing_wp_cron=1346331280 HTTP/1.0" 200 -
::1 - - [30/Aug/2012:14:54:39 +0200] "POST /wp-admin/admin-ajax.php HTTP/1.1" 200 274
::1 - - [30/Aug/2012:14:55:40 +0200] "POST /wp-cron.php?doing_wp_cron=1346331340 HTTP/1.0" 200 -
::1 - - [30/Aug/2012:14:55:39 +0200] "POST /wp-admin/admin-ajax.php HTTP/1.1" 200 274
::1 - - [30/Aug/2012:14:56:40 +0200] "POST /wp-cron.php?doing_wp_cron=1346331400 HTTP/1.0" 200 -
::1 - - [30/Aug/2012:14:56:39 +0200] "POST /wp-admin/admin-ajax.php HTTP/1.1" 200 274
::1 - - [30/Aug/2012:14:57:40 +0200] "POST /wp-cron.php?doing_wp_cron=1346331460 HTTP/1.0" 200 -
::1 - - [30/Aug/2012:14:57:39 +0200] "POST /wp-admin/admin-ajax.php HTTP/1.1" 200 274
::1 - - [30/Aug/2012:14:58:40 +0200] "POST /wp-cron.php?doing_wp_cron=1346331520 HTTP/1.0" 200 -
::1 - - [30/Aug/2012:14:58:39 +0200] "POST /wp-admin/admin-ajax.php HTTP/1.1" 200 274
::1 - - [30/Aug/2012:14:59:40 +0200] "POST /wp-cron.php?doing_wp_cron=1346331580 HTTP/1.0" 200 -
::1 - - [30/Aug/2012:14:59:39 +0200] "POST /wp-admin/admin-ajax.php HTTP/1.1" 200 274
::1 - - [30/Aug/2012:15:00:40 +0200] "POST /wp-cron.php?doing_wp_cron=1346331640 HTTP/1.0" 200 -
::1 - - [30/Aug/2012:15:00:39 +0200] "POST /wp-admin/admin-ajax.php HTTP/1.1" 200 274
::1 - - [30/Aug/2012:15:01:40 +0200] "POST /wp-cron.php?doing_wp_cron=1346331700 HTTP/1.0" 200 -
::1 - - [30/Aug/2012:15:01:39 +0200] "POST /wp-admin/admin-ajax.php HTTP/1.1" 200 274
::1 - - [30/Aug/2012:15:02:40 +0200] "POST /wp-cron.php?doing_wp_cron=1346331760 HTTP/1.0" 200 -
::1 - - [30/Aug/2012:15:02:39 +0200] "POST /wp-admin/admin-ajax.php HTTP/1.1" 200 274
::1 - - [30/Aug/2012:15:02:51 +0200] "GET /wp-includes/js/tinymce/plugins/wordpress/img/trans.gif HTTP/1.1" 304 -
::1 - - [30/Aug/2012:15:03:40 +0200] "POST /wp-cron.php?doing_wp_cron=1346331820 HTTP/1.0" 200 -
::1 - - [30/Aug/2012:15:03:39 +0200] "POST /wp-admin/admin-ajax.php HTTP/1.1" 200 274
::1 - - [30/Aug/2012:15:03:50 +0200] "GET /wp-includes/js/thickbox/loadingAnimation.gif HTTP/1.1" 304 -
::1 - - [30/Aug/2012:15:03:50 +0200] "GET /wp-includes/js/thickbox/tb-close.png HTTP/1.1" 200 506
::1 - - [30/Aug/2012:15:03:50 +0200] "GET /wp-admin/media-upload.php?post_id=79& HTTP/1.1" 200 8448
::1 - - [30/Aug/2012:15:03:50 +0200] "GET /wp-content/themes/headway/library/admin/css/admin-headway-global.css?ver=3.3.2 HTTP/1.1" 304 -
::1 - - [30/Aug/2012:15:03:50 +0200] "GET /wp-includes/js/imgareaselect/imgareaselect.css?ver=0.9.1 HTTP/1.1" 200 828
::1 - - [30/Aug/2012:15:03:50 +0200] "GET /wp-admin/css/colors-fresh.css?ver=20111206 HTTP/1.1" 304 -
::1 - - [30/Aug/2012:15:03:50 +0200] "GET /wp-admin/load-styles.php?c=1&dir=ltr&load=wp-admin,media&ver=84ec3b382256370ca5cc55ba806e0b62 HTTP/1.1" 200 26222
::1 - - [30/Aug/2012:15:03:50 +0200] "GET /wp-admin/load-scripts.php?c=1&load=hoverIntent,common,jquery-color,imgareaselect,image-edit,set-post-thumbnail&ver=9454dbef918c2496c2a45839a1256b1d HTTP/1.1" 200 11080
::1 - - [30/Aug/2012:15:03:50 +0200] "GET /wp-admin/load-scripts.php?c=1&load=jquery,utils,plupload,plupload-html5,plupload-flash,plupload-silverlight,plupload-html4,plupload-handlers,json2&ver=dbcc2d917a7e14bbe292c26bb476a7f4 HTTP/1.1" 200 57589
::1 - - [30/Aug/2012:15:03:50 +0200] "GET /favicon.ico HTTP/1.1" 200 -
::1 - - [30/Aug/2012:15:04:40 +0200] "POST /wp-cron.php?doing_wp_cron=1346331880 HTTP/1.0" 200 -
::1 - - [30/Aug/2012:15:04:39 +0200] "POST /wp-admin/admin-ajax.php HTTP/1.1" 200 274
::1 - - [30/Aug/2012:15:05:40 +0200] "POST /wp-cron.php?doing_wp_cron=1346331940 HTTP/1.0" 200 -
::1 - - [30/Aug/2012:15:05:39 +0200] "POST /wp-admin/admin-ajax.php HTTP/1.1" 200 274
::1 - - [30/Aug/2012:15:06:40 +0200] "POST /wp-cron.php?doing_wp_cron=1346332000 HTTP/1.0" 200 -
::1 - - [30/Aug/2012:15:06:40 +0200] "POST /wp-admin/admin-ajax.php HTTP/1.1" 200 274
::1 - - [30/Aug/2012:15:07:40 +0200] "POST /wp-cron.php?doing_wp_cron=1346332060 HTTP/1.0" 200 -
::1 - - [30/Aug/2012:15:07:40 +0200] "POST /wp-admin/admin-ajax.php HTTP/1.1" 200 274
::1 - - [30/Aug/2012:15:08:40 +0200] "POST /wp-cron.php?doing_wp_cron=1346332120 HTTP/1.0" 200 -
::1 - - [30/Aug/2012:15:08:40 +0200] "POST /wp-admin/admin-ajax.php HTTP/1.1" 200 274
::1 - - [30/Aug/2012:15:09:40 +0200] "POST /wp-cron.php?doing_wp_cron=1346332180 HTTP/1.0" 200 -
::1 - - [30/Aug/2012:15:09:40 +0200] "POST /wp-admin/admin-ajax.php HTTP/1.1" 200 274
::1 - - [30/Aug/2012:15:10:20 +0200] "POST /wp-cron.php?doing_wp_cron=1346332220 HTTP/1.0" 200 -
::1 - - [30/Aug/2012:15:10:20 +0200] "POST /wp-admin/post.php HTTP/1.1" 302 -
::1 - - [30/Aug/2012:15:10:21 +0200] "GET /wp-content/themes/headway/library/admin/css/admin-write.css?ver=3.3.2 HTTP/1.1" 304 -
::1 - - [30/Aug/2012:15:10:21 +0200] "GET /wp-content/plugins/advanced-custom-fields/css/input.css?ver=3.3.9 HTTP/1.1" 304 -
::1 - - [30/Aug/2012:15:10:21 +0200] "GET /wp-content/themes/headway/library/media/css/alerts.css?ver=3.3.2 HTTP/1.1" 304 -
::1 - - [30/Aug/2012:15:10:21 +0200] "GET /wp-includes/js/thickbox/thickbox.css?ver=20111117 HTTP/1.1" 304 -
::1 - - [30/Aug/2012:15:10:21 +0200] "GET /wp-content/plugins/advanced-custom-fields/css/global.css?ver=3.3.9 HTTP/1.1" 304 -
::1 - - [30/Aug/2012:15:10:21 +0200] "GET /wp-content/plugins/advanced-custom-fields/js/input-actions.js?ver=3.3.9 HTTP/1.1" 304 -
::1 - - [30/Aug/2012:15:10:21 +0200] "GET /wp-content/plugins/advanced-custom-fields/core/fields/date_picker/style.date_picker.css HTTP/1.1" 304 -
::1 - - [30/Aug/2012:15:10:21 +0200] "GET /wp-content/plugins/advanced-custom-fields/js/input-ajax.js?ver=3.3.9 HTTP/1.1" 304 -
::1 - - [30/Aug/2012:15:10:21 +0200] "GET /wp-content/themes/headway/library/admin/js/admin-write.js?ver=3.3.2 HTTP/1.1" 304 -
::1 - - [30/Aug/2012:15:10:21 +0200] "GET /wp-content/plugins/advanced-custom-fields/core/fields/date_picker/jquery.ui.datepicker.js HTTP/1.1" 304 -
::1 - - [30/Aug/2012:15:10:20 +0200] "GET /wp-admin/post.php?post=79&action=edit&message=1 HTTP/1.1" 200 89176
::1 - - [30/Aug/2012:15:10:21 +0200] "GET /wp-includes/css/editor-buttons.css?ver=20111114 HTTP/1.1" 304 -
::1 - - [30/Aug/2012:15:10:21 +0200] "GET /wp-includes/js/tinymce/langs/wp-langs-en.js?ver=345-20111127 HTTP/1.1" 304 -
::1 - - [30/Aug/2012:15:10:21 +0200] "GET /wp-content/themes/headway/library/admin/images/headway-16.png HTTP/1.1" 304 -
::1 - - [30/Aug/2012:15:10:21 +0200] "GET /wp-content/plugins/backwpup/css/BackWPup16.png HTTP/1.1" 304 -
::1 - - [30/Aug/2012:15:10:21 +0200] "GET /wp-content/plugins/duplicator/img/create.png HTTP/1.1" 304 -
::1 - - [30/Aug/2012:15:10:21 +0200] "GET /wp-admin/images/menu.png HTTP/1.1" 304 -
::1 - - [30/Aug/2012:15:10:21 +0200] "GET /wp-admin/images/generic.png HTTP/1.1" 304 -
::1 - - [30/Aug/2012:15:10:21 +0200] "GET /wp-admin/images/wpspin_light.gif HTTP/1.1" 304 -
::1 - - [30/Aug/2012:15:10:21 +0200] "GET /wp-admin/images/media-button.png?ver=20111005 HTTP/1.1" 304 -
::1 - - [30/Aug/2012:15:10:21 +0200] "GET /wp-includes/js/tinymce/plugins/inlinepopups/skins/clearlooks2/window.css?ver=345-20111127 HTTP/1.1" 304 -
::1 - - [30/Aug/2012:15:10:21 +0200] "GET /wp-includes/js/tinymce/plugins/wordpress/css/content.css?ver=345-20111127 HTTP/1.1" 304 -
::1 - - [30/Aug/2012:15:10:21 +0200] "GET /wp-includes/js/tinymce/themes/advanced/skins/wp_theme/content.css?ver=345-20111127 HTTP/1.1" 304 -
::1 - - [30/Aug/2012:15:10:21 +0200] "GET /wp-includes/js/tinymce/plugins/spellchecker/css/content.css?ver=345-20111127 HTTP/1.1" 304 -
::1 - - [30/Aug/2012:15:10:21 +0200] "GET /wp-content/uploads/headway/cache/editor-style-57d268b.css?ver=345-20111127 HTTP/1.1" 304 -
::1 - - [30/Aug/2012:15:10:21 +0200] "GET /wp-includes/js/tinymce/plugins/wpeditimage/img/image.png HTTP/1.1" 304 -
::1 - - [30/Aug/2012:15:10:21 +0200] "GET /wp-includes/js/tinymce/plugins/wpeditimage/img/delete.png HTTP/1.1" 304 -
::1 - - [30/Aug/2012:15:10:21 +0200] "GET /wp-includes/js/tinymce/plugins/wpgallery/img/edit.png HTTP/1.1" 304 -
::1 - - [30/Aug/2012:15:10:21 +0200] "GET /wp-includes/js/tinymce/plugins/wpgallery/img/delete.png HTTP/1.1" 304 -
::1 - - [30/Aug/2012:15:10:21 +0200] "GET /favicon.ico HTTP/1.1" 200 -
::1 - - [30/Aug/2012:15:10:21 +0200] "GET /wp-admin/admin-ajax.php?action=oembed-cache&post=79 HTTP/1.1" 200 1
::1 - - [30/Aug/2012:15:10:21 +0200] "GET /favicon.ico HTTP/1.1" 200 -
::1 - - [30/Aug/2012:15:10:21 +0200] "GET /favicon.ico HTTP/1.1" 200 -
::1 - - [30/Aug/2012:15:10:21 +0200] "GET /favicon.ico HTTP/1.1" 200 -
::1 - - [30/Aug/2012:15:10:21 +0200] "GET /favicon.ico HTTP/1.1" 200 -
::1 - - [30/Aug/2012:15:10:32 +0200] "POST /wp-admin/admin-ajax.php HTTP/1.1" 200 1
::1 - - [30/Aug/2012:15:10:33 +0200] "GET /favicon.ico HTTP/1.1" 200 -
::1 - - [30/Aug/2012:15:10:33 +0200] "GET /favicon.ico HTTP/1.1" 200 -
::1 - - [30/Aug/2012:15:10:33 +0200] "GET /favicon.ico HTTP/1.1" 200 -
::1 - - [30/Aug/2012:15:10:33 +0200] "GET /favicon.ico HTTP/1.1" 200 -
::1 - - [30/Aug/2012:15:10:33 +0200] "GET /favicon.ico HTTP/1.1" 200 -
::1 - - [30/Aug/2012:15:10:35 +0200] "GET /wp-login.php?action=logout&_wpnonce=a5023eef7c HTTP/1.1" 302 -
::1 - - [30/Aug/2012:15:10:36 +0200] "GET /wp-login.php?loggedout=true HTTP/1.1" 200 2172
::1 - - [30/Aug/2012:15:10:36 +0200] "POST /wp-admin/admin-ajax.php HTTP/1.1" 200 2
::1 - - [30/Aug/2012:15:10:36 +0200] "GET /wp-admin/css/wp-admin.css?ver=20111208 HTTP/1.1" 304 -
::1 - - [30/Aug/2012:15:10:36 +0200] "GET /wp-admin/images/logo-login.png HTTP/1.1" 304 -
::1 - - [30/Aug/2012:15:10:36 +0200] "GET /favicon.ico HTTP/1.1" 200 -
::1 - - [30/Aug/2012:15:10:36 +0200] "POST /wp-login.php HTTP/1.1" 302 -
::1 - - [30/Aug/2012:15:10:36 +0200] "GET /wp-admin/ HTTP/1.1" 200 56587
::1 - - [30/Aug/2012:15:10:37 +0200] "GET /wp-admin/load-scripts.php?c=1&load=admin-bar,hoverIntent,common,jquery-color,wp-ajax-response,wp-lists,quicktags,jquery-query,admin-comments,jquery-ui-core,jquery-ui-widget,jquery-ui-mouse,jquery-ui-sortable,postbox,dashboard,thickbox,plugin-install,media-upload&ver=4c39b6e71d488a2f460711d94887fe08 HTTP/1.1" 200 35218
::1 - - [30/Aug/2012:15:10:37 +0200] "GET /favicon.ico HTTP/1.1" 200 -
::1 - - [30/Aug/2012:15:10:45 +0200] "GET /wp-login.php?action=logout&_wpnonce=a5023eef7c HTTP/1.1" 302 -
::1 - - [30/Aug/2012:15:10:45 +0200] "GET /wp-login.php?loggedout=true HTTP/1.1" 200 2172
::1 - - [30/Aug/2012:15:10:46 +0200] "GET /favicon.ico HTTP/1.1" 200 -
::1 - - [30/Aug/2012:15:10:49 +0200] "POST /wp-login.php HTTP/1.1" 302 -
::1 - - [30/Aug/2012:15:10:49 +0200] "GET /wp-admin/ HTTP/1.1" 200 56587
::1 - - [30/Aug/2012:15:10:50 +0200] "GET /favicon.ico HTTP/1.1" 200 -
::1 - - [30/Aug/2012:15:10:58 +0200] "POST /wp-cron.php?doing_wp_cron=1346332258 HTTP/1.0" 200 -
::1 - - [30/Aug/2012:15:10:57 +0200] "GET /wp-admin/edit.php?post_type=progetto HTTP/1.1" 200 8712
::1 - - [30/Aug/2012:15:10:58 +0200] "GET /wp-includes/images/blank.gif HTTP/1.1" 304 -
::1 - - [30/Aug/2012:15:10:58 +0200] "GET /wp-admin/images/comment-grey-bubble.png HTTP/1.1" 304 -
::1 - - [30/Aug/2012:15:10:58 +0200] "GET /favicon.ico HTTP/1.1" 200 -
::1 - - [30/Aug/2012:15:11:00 +0200] "GET /wp-admin/post.php?post=79&action=edit HTTP/1.1" 200 88731
::1 - - [30/Aug/2012:15:11:00 +0200] "GET /favicon.ico HTTP/1.1" 200 -
::1 - - [30/Aug/2012:15:11:00 +0200] "GET /favicon.ico HTTP/1.1" 200 -
::1 - - [30/Aug/2012:15:11:00 +0200] "GET /favicon.ico HTTP/1.1" 200 -
::1 - - [30/Aug/2012:15:11:00 +0200] "GET /favicon.ico HTTP/1.1" 200 -
::1 - - [30/Aug/2012:15:11:00 +0200] "GET /favicon.ico HTTP/1.1" 200 -
::1 - - [30/Aug/2012:15:11:15 +0200] "GET /wp-admin/profile.php HTTP/1.1" 200 36619
::1 - - [30/Aug/2012:15:11:15 +0200] "POST /wp-admin/admin-ajax.php HTTP/1.1" 200 1
::1 - - [30/Aug/2012:15:11:15 +0200] "GET /favicon.ico HTTP/1.1" 200 -
::1 - - [30/Aug/2012:15:11:22 +0200] "GET /wp-admin/users.php HTTP/1.1" 200 40621
::1 - - [30/Aug/2012:15:11:23 +0200] "GET /favicon.ico HTTP/1.1" 200 -
::1 - - [30/Aug/2012:15:11:24 +0200] "GET /wp-admin/user-edit.php?user_id=2&wp_http_referer=%2Fwp-admin%2Fusers.php HTTP/1.1" 200 37484
::1 - - [30/Aug/2012:15:11:24 +0200] "GET /favicon.ico HTTP/1.1" 200 -
::1 - - [30/Aug/2012:15:11:33 +0200] "GET /favicon.ico HTTP/1.1" 200 -
::1 - - [30/Aug/2012:15:11:45 +0200] "GET /wp-admin/post-new.php?post_type=progetto HTTP/1.1" 200 68426
::1 - - [30/Aug/2012:15:11:46 +0200] "GET /wp-admin/load-scripts.php?c=1&load=admin-bar,hoverIntent,common,jquery-color,schedule,wp-ajax-response,autosave,suggest,wp-lists,jquery-ui-core,jquery-ui-widget,jquery-ui-mouse,jquery-ui-sortable,postbox,post,thickbox,media-upload,jquery-ui-position,wp-pointer,jquery-ui-tabs,word-count,quicktags,jquery-ui-resizable,jquery-ui-draggable,jquery-ui-button,jquery-ui-dialog,wpdialogs,wplink,wpdialogs-popup&ver=9c26f16c8df9fae6cc4d6ad12946faa2 HTTP/1.1" 200 64408
::1 - - [30/Aug/2012:15:11:46 +0200] "GET /favicon.ico HTTP/1.1" 200 -
::1 - - [30/Aug/2012:15:11:46 +0200] "GET /favicon.ico HTTP/1.1" 200 -
::1 - - [30/Aug/2012:15:11:46 +0200] "GET /favicon.ico HTTP/1.1" 200 -
::1 - - [30/Aug/2012:15:11:46 +0200] "GET /favicon.ico HTTP/1.1" 200 -
::1 - - [30/Aug/2012:15:11:46 +0200] "GET /favicon.ico HTTP/1.1" 200 -
::1 - - [30/Aug/2012:15:12:46 +0200] "POST /wp-cron.php?doing_wp_cron=1346332366 HTTP/1.0" 200 -
::1 - - [30/Aug/2012:15:12:46 +0200] "POST /wp-admin/admin-ajax.php HTTP/1.1" 200 211
::1 - - [30/Aug/2012:15:13:02 +0200] "POST /wp-cron.php?doing_wp_cron=1346332382 HTTP/1.0" 200 -
::1 - - [30/Aug/2012:15:13:02 +0200] "GET /wp-admin/profile.php HTTP/1.1" 200 36619
::1 - - [30/Aug/2012:15:13:02 +0200] "POST /wp-admin/admin-ajax.php HTTP/1.1" 200 1
::1 - - [30/Aug/2012:15:13:03 +0200] "GET /wp-admin/css/colors-fresh.css?ver=20111206 HTTP/1.1" 304 -
::1 - - [30/Aug/2012:15:13:03 +0200] "GET /wp-content/themes/headway/library/admin/css/admin-headway-global.css?ver=3.3.2 HTTP/1.1" 304 -
::1 - - [30/Aug/2012:15:13:03 +0200] "GET /favicon.ico HTTP/1.1" 200 -
::1 - - [30/Aug/2012:15:13:08 +0200] "GET /wp-admin/profile.php HTTP/1.1" 200 36619
::1 - - [30/Aug/2012:15:13:08 +0200] "GET /favicon.ico HTTP/1.1" 200 -
::1 - - [30/Aug/2012:15:13:12 +0200] "GET /wp-admin/users.php HTTP/1.1" 200 40621
::1 - - [30/Aug/2012:15:13:12 +0200] "GET /favicon.ico HTTP/1.1" 200 -
::1 - - [30/Aug/2012:15:13:22 +0200] "GET /wp-admin/users.php?role=administrator HTTP/1.1" 200 41012
::1 - - [30/Aug/2012:15:13:22 +0200] "GET /favicon.ico HTTP/1.1" 200 -
::1 - - [30/Aug/2012:15:13:25 +0200] "GET /wp-admin/user-edit.php?user_id=2&wp_http_referer=%2Fwp-admin%2Fusers.php%3Frole%3Dadministrator HTTP/1.1" 200 37526
::1 - - [30/Aug/2012:15:13:25 +0200] "GET /favicon.ico HTTP/1.1" 200 -
::1 - - [30/Aug/2012:15:18:15 +0200] "POST /wp-cron.php?doing_wp_cron=1346332695 HTTP/1.0" 200 -
::1 - - [30/Aug/2012:15:18:15 +0200] "GET /wp-admin/profile.php HTTP/1.1" 200 36619
::1 - - [30/Aug/2012:15:18:16 +0200] "GET /favicon.ico HTTP/1.1" 200 -
::1 - - [30/Aug/2012:15:18:18 +0200] "GET /wp-login.php?action=logout&_wpnonce=a5023eef7c HTTP/1.1" 302 -
::1 - - [30/Aug/2012:15:18:18 +0200] "GET /wp-login.php?loggedout=true HTTP/1.1" 200 2172
::1 - - [30/Aug/2012:15:18:18 +0200] "GET /favicon.ico HTTP/1.1" 200 -
::1 - - [30/Aug/2012:15:18:18 +0200] "POST /wp-login.php HTTP/1.1" 302 -
::1 - - [30/Aug/2012:15:18:19 +0200] "GET /wp-admin/ HTTP/1.1" 200 56587
::1 - - [30/Aug/2012:15:18:19 +0200] "GET /wp-includes/js/thickbox/loadingAnimation.gif HTTP/1.1" 304 -
::1 - - [30/Aug/2012:15:18:19 +0200] "GET /favicon.ico HTTP/1.1" 200 -
::1 - - [30/Aug/2012:15:19:10 +0200] "POST /wp-cron.php?doing_wp_cron=1346332750 HTTP/1.0" 200 -
::1 - - [30/Aug/2012:15:19:10 +0200] "GET /wp-admin/edit.php?post_type=progetto HTTP/1.1" 200 8711
::1 - - [30/Aug/2012:15:19:11 +0200] "GET /favicon.ico HTTP/1.1" 200 -
::1 - - [30/Aug/2012:15:19:12 +0200] "GET /wp-admin/post.php?post=79&action=edit HTTP/1.1" 200 88731
::1 - - [30/Aug/2012:15:19:13 +0200] "GET /favicon.ico HTTP/1.1" 200 -
::1 - - [30/Aug/2012:15:19:13 +0200] "GET /favicon.ico HTTP/1.1" 200 -
::1 - - [30/Aug/2012:15:19:13 +0200] "GET /favicon.ico HTTP/1.1" 200 -
::1 - - [30/Aug/2012:15:19:13 +0200] "GET /favicon.ico HTTP/1.1" 200 -
::1 - - [30/Aug/2012:15:19:13 +0200] "GET /favicon.ico HTTP/1.1" 200 -
::1 - - [30/Aug/2012:15:19:41 +0200] "GET /wp-admin/post-new.php?post_type=progetto HTTP/1.1" 200 68356
::1 - - [30/Aug/2012:15:19:41 +0200] "POST /wp-admin/admin-ajax.php HTTP/1.1" 200 1
::1 - - [30/Aug/2012:15:19:42 +0200] "GET /wp-includes/js/tinymce/plugins/wpeditimage/img/image.png HTTP/1.1" 304 -
::1 - - [30/Aug/2012:15:19:42 +0200] "GET /wp-includes/js/tinymce/plugins/wordpress/css/content.css?ver=345-20111127 HTTP/1.1" 304 -
::1 - - [30/Aug/2012:15:19:42 +0200] "GET /wp-includes/js/tinymce/themes/advanced/skins/wp_theme/content.css?ver=345-20111127 HTTP/1.1" 304 -
::1 - - [30/Aug/2012:15:19:42 +0200] "GET /wp-includes/js/tinymce/plugins/spellchecker/css/content.css?ver=345-20111127 HTTP/1.1" 304 -
::1 - - [30/Aug/2012:15:19:42 +0200] "GET /wp-content/uploads/headway/cache/editor-style-57d268b.css?ver=345-20111127 HTTP/1.1" 304 -
::1 - - [30/Aug/2012:15:19:42 +0200] "GET /wp-includes/js/tinymce/plugins/wpeditimage/img/delete.png HTTP/1.1" 304 -
::1 - - [30/Aug/2012:15:19:42 +0200] "GET /wp-includes/js/tinymce/plugins/wpgallery/img/delete.png HTTP/1.1" 304 -
::1 - - [30/Aug/2012:15:19:42 +0200] "GET /wp-includes/js/tinymce/plugins/wpgallery/img/edit.png HTTP/1.1" 304 -
::1 - - [30/Aug/2012:15:19:42 +0200] "GET /favicon.ico HTTP/1.1" 200 -
::1 - - [30/Aug/2012:15:19:42 +0200] "GET /favicon.ico HTTP/1.1" 200 -
::1 - - [30/Aug/2012:15:19:42 +0200] "GET /favicon.ico HTTP/1.1" 200 -
::1 - - [30/Aug/2012:15:19:42 +0200] "GET /favicon.ico HTTP/1.1" 200 -
::1 - - [30/Aug/2012:15:19:42 +0200] "GET /favicon.ico HTTP/1.1" 200 -
::1 - - [30/Aug/2012:15:19:53 +0200] "POST /wp-cron.php?doing_wp_cron=1346332793 HTTP/1.0" 200 -
::1 - - [30/Aug/2012:15:19:52 +0200] "GET /wp-admin/profile.php HTTP/1.1" 200 36619
::1 - - [30/Aug/2012:15:19:53 +0200] "POST /wp-admin/admin-ajax.php HTTP/1.1" 200 1
::1 - - [30/Aug/2012:15:19:53 +0200] "GET /wp-content/themes/headway/library/admin/images/headway-16.png HTTP/1.1" 304 -
::1 - - [30/Aug/2012:15:19:53 +0200] "GET /wp-admin/images/menu.png HTTP/1.1" 304 -
::1 - - [30/Aug/2012:15:19:53 +0200] "GET /wp-admin/images/generic.png HTTP/1.1" 304 -
::1 - - [30/Aug/2012:15:19:53 +0200] "GET /wp-content/plugins/duplicator/img/create.png HTTP/1.1" 304 -
::1 - - [30/Aug/2012:15:19:53 +0200] "GET /wp-content/plugins/backwpup/css/BackWPup16.png HTTP/1.1" 304 -
::1 - - [30/Aug/2012:15:19:53 +0200] "GET /favicon.ico HTTP/1.1" 200 -
::1 - - [30/Aug/2012:15:20:11 +0200] "GET /wp-admin/profile.php HTTP/1.1" 200 36619
::1 - - [30/Aug/2012:15:20:12 +0200] "GET /favicon.ico HTTP/1.1" 200 -
::1 - - [30/Aug/2012:15:20:13 +0200] "GET /wp-login.php?action=logout&_wpnonce=a5023eef7c HTTP/1.1" 302 -
::1 - - [30/Aug/2012:15:20:14 +0200] "GET /wp-login.php?loggedout=true HTTP/1.1" 200 2172
::1 - - [30/Aug/2012:15:20:14 +0200] "GET /wp-admin/css/wp-admin.css?ver=20111208 HTTP/1.1" 304 -
::1 - - [30/Aug/2012:15:20:14 +0200] "GET /favicon.ico HTTP/1.1" 200 -
::1 - - [30/Aug/2012:15:20:19 +0200] "POST /wp-login.php HTTP/1.1" 302 -
::1 - - [30/Aug/2012:15:20:20 +0200] "GET /wp-includes/js/thickbox/thickbox.css?ver=20111117 HTTP/1.1" 304 -
::1 - - [30/Aug/2012:15:20:20 +0200] "GET /wp-admin/ HTTP/1.1" 200 56587
::1 - - [30/Aug/2012:15:20:20 +0200] "GET /wp-admin/images/media-button.png?ver=20111005 HTTP/1.1" 304 -
::1 - - [30/Aug/2012:15:20:20 +0200] "GET /wp-admin/images/wpspin_light.gif HTTP/1.1" 304 -
::1 - - [30/Aug/2012:15:20:20 +0200] "GET /favicon.ico HTTP/1.1" 200 -
::1 - - [30/Aug/2012:15:20:24 +0200] "GET /wp-admin/edit.php?post_type=progetto HTTP/1.1" 200 8712
::1 - - [30/Aug/2012:15:20:25 +0200] "GET /wp-includes/images/blank.gif HTTP/1.1" 304 -
::1 - - [30/Aug/2012:15:20:25 +0200] "GET /wp-admin/images/comment-grey-bubble.png HTTP/1.1" 304 -
::1 - - [30/Aug/2012:15:20:25 +0200] "GET /favicon.ico HTTP/1.1" 200 -
::1 - - [30/Aug/2012:15:20:26 +0200] "GET /wp-content/themes/headway/library/admin/css/admin-write.css?ver=3.3.2 HTTP/1.1" 304 -
::1 - - [30/Aug/2012:15:20:26 +0200] "GET /wp-content/themes/headway/library/media/css/alerts.css?ver=3.3.2 HTTP/1.1" 304 -
::1 - - [30/Aug/2012:15:20:26 +0200] "GET /wp-content/themes/headway/library/admin/js/admin-write.js?ver=3.3.2 HTTP/1.1" 304 -
::1 - - [30/Aug/2012:15:20:26 +0200] "GET /wp-content/plugins/advanced-custom-fields/css/global.css?ver=3.3.9 HTTP/1.1" 304 -
::1 - - [30/Aug/2012:15:20:26 +0200] "GET /wp-content/plugins/advanced-custom-fields/css/input.css?ver=3.3.9 HTTP/1.1" 304 -
::1 - - [30/Aug/2012:15:20:26 +0200] "GET /wp-content/plugins/advanced-custom-fields/core/fields/date_picker/style.date_picker.css HTTP/1.1" 304 -
::1 - - [30/Aug/2012:15:20:26 +0200] "GET /wp-content/plugins/advanced-custom-fields/js/input-actions.js?ver=3.3.9 HTTP/1.1" 304 -
::1 - - [30/Aug/2012:15:20:26 +0200] "GET /wp-content/plugins/advanced-custom-fields/js/input-ajax.js?ver=3.3.9 HTTP/1.1" 304 -
::1 - - [30/Aug/2012:15:20:26 +0200] "GET /wp-content/plugins/advanced-custom-fields/core/fields/date_picker/jquery.ui.datepicker.js HTTP/1.1" 304 -
::1 - - [30/Aug/2012:15:20:26 +0200] "GET /wp-admin/post.php?post=79&action=edit HTTP/1.1" 200 88731
::1 - - [30/Aug/2012:15:20:26 +0200] "GET /wp-includes/css/editor-buttons.css?ver=20111114 HTTP/1.1" 304 -
::1 - - [30/Aug/2012:15:20:26 +0200] "GET /wp-includes/js/tinymce/langs/wp-langs-en.js?ver=345-20111127 HTTP/1.1" 304 -
::1 - - [30/Aug/2012:15:20:27 +0200] "GET /wp-includes/js/tinymce/plugins/inlinepopups/skins/clearlooks2/window.css?ver=345-20111127 HTTP/1.1" 304 -
::1 - - [30/Aug/2012:15:20:27 +0200] "GET /favicon.ico HTTP/1.1" 200 -
::1 - - [30/Aug/2012:15:20:27 +0200] "GET /favicon.ico HTTP/1.1" 200 -
::1 - - [30/Aug/2012:15:20:27 +0200] "GET /favicon.ico HTTP/1.1" 200 -
::1 - - [30/Aug/2012:15:20:27 +0200] "GET /favicon.ico HTTP/1.1" 200 -
::1 - - [30/Aug/2012:15:20:27 +0200] "GET /favicon.ico HTTP/1.1" 200 -
